<?xml version="1.0" encoding="UTF-8"?>
<!-- Generated by org.testng.reporters.JUnitXMLReporter -->
<testsuite ignored="0" hostname="OM-GUTTY" failures="0" tests="3" name="Surefire test" time="10.722" errors="0" timestamp="2026-01-02T12:40:59 IST">
  <testcase classname="tests.BookingAPITest" name="CreateNewbookingTest" time="5.693"/>
  <testcase classname="tests.BookingAPITest" name="updatebooking" time="2.495"/>
  <testcase classname="tests.BookingAPITest" name="deletebooking" time="1.133"/>
</testsuite> <!-- Surefire test -->
