<?xml version="1.0" encoding="UTF-8"?>
<!-- Generated by org.testng.reporters.JUnitXMLReporter -->
<testsuite ignored="0" hostname="OM-GUTTY" failures="0" tests="3" name="Default test" time="9.013" errors="0" timestamp="2026-01-02T21:52:36 IST">
  <testcase classname="tests.Breakout_restfull" name="CreateObject" time="6.491"/>
  <testcase classname="tests.Breakout_restfull" name="updateObject" time="0.661"/>
  <testcase classname="tests.Breakout_restfull" name="DeleteObject" time="0.424"/>
</testsuite> <!-- Default test -->
