<?xml version="1.0" encoding="UTF-8"?>
<!-- Generated by org.testng.reporters.JUnitXMLReporter -->
<testsuite ignored="0" hostname="OM-GUTTY" failures="0" tests="3" name="Default test" time="7.489" errors="0" timestamp="2026-01-03T11:51:20 IST">
  <testcase classname="tests.Breakout_restfull" name="CreateObject" time="4.921"/>
  <testcase classname="tests.Breakout_restfull" name="updateObject" time="0.607"/>
  <testcase classname="tests.Breakout_restfull" name="DeleteObject" time="0.448"/>
</testsuite> <!-- Default test -->
