<?xml version="1.0" encoding="UTF-8"?>
<!-- Generated by org.testng.reporters.JUnitXMLReporter -->
<testsuite ignored="0" hostname="OM-GUTTY" failures="1" tests="5" name="Test" time="12.544" errors="0" timestamp="2026-01-02T12:31:45 IST">
  <testcase classname="tests.BookingAPITest2" name="CreateNewbookingTest" time="5.337"/>
  <testcase classname="tests.BookingAPITest2" name="updatebooking" time="2.373"/>
  <testcase classname="tests.BookingAPITest2" name="deletebooking" time="1.223">
    <skipped/>
  </testcase> <!-- deletebooking -->
  <testcase classname="tests.BookingAPITest2" name="deletebooking" time="1.09">
    <skipped/>
  </testcase> <!-- deletebooking -->
  <testcase classname="tests.BookingAPITest2" name="deletebooking" time="1.138">
    <failure type="java.lang.AssertionError" message="expected [2011] but found [405]">
      <![CDATA[java.lang.AssertionError: expected [2011] but found [405]
at tests.BookingAPITest2.deletebooking(BookingAPITest2.java:62)
at java.base/java.util.ArrayList.forEach(ArrayList.java:1596)
... Removed 32 stack frames]]>
    </failure>
  </testcase> <!-- deletebooking -->
</testsuite> <!-- Test -->
