<?xml version="1.0" encoding="UTF-8"?>
<!-- Generated by org.testng.reporters.JUnitXMLReporter -->
<testsuite ignored="0" hostname="OM-GUTTY" failures="0" tests="3" name="Test" time="31.467" errors="0" timestamp="2026-01-03T11:26:30 IST">
  <testcase classname="tests.Breakout_restfull" name="CreateObject" time="26.587"/>
  <testcase classname="tests.Breakout_restfull" name="updateObject" time="1.09"/>
  <testcase classname="tests.Breakout_restfull" name="DeleteObject" time="0.461"/>
</testsuite> <!-- Test -->
