<?xml version="1.0" encoding="UTF-8"?>
<!-- Generated by org.testng.reporters.JUnitXMLReporter -->
<testsuite ignored="0" hostname="OM-GUTTY" failures="0" tests="6" name="Test" time="19.086" errors="0" timestamp="2026-01-02T13:01:42 IST">
  <testcase classname="tests.BookingAPITest" name="CreateNewbookingTest" time="9.183"/>
  <testcase classname="tests.BookingAPITest" name="updatebooking" time="2.576"/>
  <testcase classname="tests.BookingAPITest" name="deletebooking" time="1.246"/>
  <testcase classname="tests.BookingAPITest2" name="CreateNewbookingTest" time="1.234"/>
  <testcase classname="tests.BookingAPITest2" name="updatebooking" time="1.138"/>
  <testcase classname="tests.BookingAPITest2" name="deletebooking" time="1.114"/>
</testsuite> <!-- Test -->
