<?xml version="1.0" encoding="UTF-8"?>
<testsuite xmlns:xsi="http://www.w3.org/2001/XMLSchema-instance" xsi:noNamespaceSchemaLocation="https://maven.apache.org/surefire/maven-surefire-plugin/xsd/surefire-test-report-3.0.xsd" version="3.0" name="tests.BookingAPITest" time="11.788" tests="3" errors="0" skipped="0" failures="0">
  <properties>
[...]
</properties>
  <testcase name="CreateNewbookingTest" classname="tests.BookingAPITest" time="5.703">
    <system-out><![CDATA[Request method:	POST
Request URI:	https://restful-booker.herokuapp.com/booking
Proxy:			<none>
Request params:	<none>
Query params:	<none>
Form params:	<none>
Path params:	<none>
Headers:		Accept=*/*
				Content-Type=application/json
Cookies:		<none>
Multiparts:		<none>
Body:
{
    "firstname": "om",
    "lastname": "Gutty",
    "totalprice": 101,
    "depositpaid": true,
    "additionalneeds": "Breakfast",
    "bookingdates": {
        "checkin": "2018-01-01",
        "checkout": "2019-01-01"
    }
}
HTTP/1.1 200 OK
Content-Length: 196
Content-Type: application/json; charset=utf-8
Date: Fri, 02 Jan 2026 07:10:54 GMT
Etag: W/"c4-Oy7uFKiNHqnwCrkYvoTZOyfTovk"
Nel: {"report_to":"heroku-nel","response_headers":["Via"],"max_age":3600,"success_fraction":0.01,"failure_fraction":0.1}
Report-To: {"group":"heroku-nel","endpoints":[{"url":"https://nel.heroku.com/reports?s=BVOL9QB1ZSebmeHkcWbffNZdupxEaAmD92Jtd3HIDsM%3D\u0026sid=c46efe9b-d3d2-4a0c-8c76-bfafa16c5add\u0026ts=1767337854"}],"max_age":3600}
Reporting-Endpoints: heroku-nel="https://nel.heroku.com/reports?s=BVOL9QB1ZSebmeHkcWbffNZdupxEaAmD92Jtd3HIDsM%3D&sid=c46efe9b-d3d2-4a0c-8c76-bfafa16c5add&ts=1767337854"
Server: Heroku
Via: 1.1 heroku-router
X-Powered-By: Express

{
    "bookingid": 4873,
    "booking": {
        "firstname": "om",
        "lastname": "Gutty",
        "totalprice": 101,
        "depositpaid": true,
        "bookingdates": {
            "checkin": "2018-01-01",
            "checkout": "2019-01-01"
        },
        "additionalneeds": "Breakfast"
    }
}
Booking ID: 4873
]]></system-out>
    <system-err><![CDATA[SLF4J(W): No SLF4J providers were found.
SLF4J(W): Defaulting to no-operation (NOP) logger implementation
SLF4J(W): See https://www.slf4j.org/codes.html#noProviders for further details.
]]></system-err>
  </testcase>
  <testcase name="updatebooking" classname="tests.BookingAPITest" time="2.499">
    <system-out><![CDATA[Request method:	PUT
Request URI:	https://restful-booker.herokuapp.com/booking/4873
Proxy:			<none>
Request params:	<none>
Query params:	<none>
Form params:	<none>
Path params:	id=4873
Headers:		Accept=application/json
				Cookie=token=7ededc4f7e4f363
				Content-Type=application/json
Cookies:		<none>
Multiparts:		<none>
Body:
{
    "firstname": "kittu",
    "lastname": "chetan",
    "totalprice": 101,
    "depositpaid": true,
    "additionalneeds": "Breakfast",
    "bookingdates": {
        "checkin": "2018-01-01",
        "checkout": "2019-01-01"
    }
}
HTTP/1.1 200 OK
Content-Length: 171
Content-Type: application/json; charset=utf-8
Date: Fri, 02 Jan 2026 07:10:58 GMT
Etag: W/"ab-NmZWvlaj7VS8HQFXVkxUUAc17QA"
Nel: {"report_to":"heroku-nel","response_headers":["Via"],"max_age":3600,"success_fraction":0.01,"failure_fraction":0.1}
Report-To: {"group":"heroku-nel","endpoints":[{"url":"https://nel.heroku.com/reports?s=iKs0qnH0T1XGuFRXFjM2507esoSTpS2vuxt9u0IQ1Wk%3D\u0026sid=c46efe9b-d3d2-4a0c-8c76-bfafa16c5add\u0026ts=1767337858"}],"max_age":3600}
Reporting-Endpoints: heroku-nel="https://nel.heroku.com/reports?s=iKs0qnH0T1XGuFRXFjM2507esoSTpS2vuxt9u0IQ1Wk%3D&sid=c46efe9b-d3d2-4a0c-8c76-bfafa16c5add&ts=1767337858"
Server: Heroku
Via: 1.1 heroku-router
X-Powered-By: Express

{
    "firstname": "kittu",
    "lastname": "chetan",
    "totalprice": 101,
    "depositpaid": true,
    "bookingdates": {
        "checkin": "2018-01-01",
        "checkout": "2019-01-01"
    },
    "additionalneeds": "Breakfast"
}
]]></system-out>
  </testcase>
  <testcase name="deletebooking" classname="tests.BookingAPITest" time="1.125">
    <system-out><![CDATA[Request method:	DELETE
Request URI:	https://restful-booker.herokuapp.com/booking/4873
Proxy:			<none>
Request params:	<none>
Query params:	<none>
Form params:	<none>
Path params:	id=4873
Headers:		Cookie=token=7ededc4f7e4f363
				Accept=*/*
				Content-Type=application/json
Cookies:		<none>
Multiparts:		<none>
Body:			<none>
HTTP/1.1 201 Created
Content-Length: 7
Content-Type: text/plain; charset=utf-8
Date: Fri, 02 Jan 2026 07:10:59 GMT
Etag: W/"7-rM9AyJuqT6iOan/xHh+AW+7K/T8"
Nel: {"report_to":"heroku-nel","response_headers":["Via"],"max_age":3600,"success_fraction":0.01,"failure_fraction":0.1}
Report-To: {"group":"heroku-nel","endpoints":[{"url":"https://nel.heroku.com/reports?s=3pCxoQ%2FXPfTmC0wL2YBF5BRlTyEiIlwJS2tvykGG0TA%3D\u0026sid=c46efe9b-d3d2-4a0c-8c76-bfafa16c5add\u0026ts=1767337859"}],"max_age":3600}
Reporting-Endpoints: heroku-nel="https://nel.heroku.com/reports?s=3pCxoQ%2FXPfTmC0wL2YBF5BRlTyEiIlwJS2tvykGG0TA%3D&sid=c46efe9b-d3d2-4a0c-8c76-bfafa16c5add&ts=1767337859"
Server: Heroku
Via: 1.1 heroku-router
X-Powered-By: Express

Created
]]></system-out>
  </testcase>
</testsuite>