<?xml version="1.0" encoding="UTF-8"?>
<testng-results ignored="0" total="3" passed="3" failed="0" skipped="0">
  <reporter-output>
  </reporter-output>
  <suite started-at="2026-01-02T21:52:27 IST" name="Default suite" finished-at="2026-01-02T21:52:36 IST" duration-ms="9013">
    <groups>
    </groups>
    <test started-at="2026-01-02T21:52:27 IST" name="Default test" finished-at="2026-01-02T21:52:36 IST" duration-ms="9013">
      <class name="tests.Breakout_restfull">
        <test-method is-config="true" signature="setup()[pri:0, instance:tests.Breakout_restfull@4961f6af]" started-at="2026-01-02T21:52:27 IST" name="setup" finished-at="2026-01-02T21:52:29 IST" duration-ms="1342" status="PASS">
          <reporter-output>
          </reporter-output>
        </test-method> <!-- setup -->
        <test-method signature="CreateObject()[pri:1, instance:tests.Breakout_restfull@4961f6af]" started-at="2026-01-02T21:52:29 IST" name="CreateObject" description="verify Create Object - Post call " finished-at="2026-01-02T21:52:35 IST" duration-ms="6491" status="PASS">
          <reporter-output>
          </reporter-output>
        </test-method> <!-- CreateObject -->
        <test-method signature="updateObject()[pri:2, instance:tests.Breakout_restfull@4961f6af]" started-at="2026-01-02T21:52:35 IST" name="updateObject" description="updating the created object - put call" finished-at="2026-01-02T21:52:36 IST" duration-ms="661" status="PASS">
          <reporter-output>
          </reporter-output>
        </test-method> <!-- updateObject -->
        <test-method signature="DeleteObject()[pri:3, instance:tests.Breakout_restfull@4961f6af]" started-at="2026-01-02T21:52:36 IST" name="DeleteObject" description="delete the object" finished-at="2026-01-02T21:52:36 IST" duration-ms="424" status="PASS">
          <reporter-output>
          </reporter-output>
        </test-method> <!-- DeleteObject -->
      </class> <!-- tests.Breakout_restfull -->
    </test> <!-- Default test -->
  </suite> <!-- Default suite -->
</testng-results>
