<?xml version="1.0" encoding="UTF-8"?>
<testng-results ignored="0" total="3" passed="3" failed="0" skipped="0">
  <reporter-output>
  </reporter-output>
  <suite started-at="2026-01-03T11:51:13 IST" name="Default suite" finished-at="2026-01-03T11:51:20 IST" duration-ms="7489">
    <groups>
    </groups>
    <test started-at="2026-01-03T11:51:13 IST" name="Default test" finished-at="2026-01-03T11:51:20 IST" duration-ms="7489">
      <class name="tests.Breakout_restfull">
        <test-method is-config="true" signature="setup()[pri:0, instance:tests.Breakout_restfull@4961f6af]" started-at="2026-01-03T11:51:13 IST" name="setup" finished-at="2026-01-03T11:51:14 IST" duration-ms="1385" status="PASS">
          <reporter-output>
          </reporter-output>
        </test-method> <!-- setup -->
        <test-method signature="CreateObject()[pri:1, instance:tests.Breakout_restfull@4961f6af]" started-at="2026-01-03T11:51:14 IST" name="CreateObject" description="verify Create Object - Post call " finished-at="2026-01-03T11:51:19 IST" duration-ms="4921" status="PASS">
          <reporter-output>
          </reporter-output>
        </test-method> <!-- CreateObject -->
        <test-method signature="updateObject()[pri:2, instance:tests.Breakout_restfull@4961f6af]" started-at="2026-01-03T11:51:19 IST" name="updateObject" description="updating the created object - put call" finished-at="2026-01-03T11:51:20 IST" duration-ms="607" status="PASS">
          <reporter-output>
          </reporter-output>
        </test-method> <!-- updateObject -->
        <test-method signature="DeleteObject()[pri:3, instance:tests.Breakout_restfull@4961f6af]" started-at="2026-01-03T11:51:20 IST" name="DeleteObject" description="delete the object" finished-at="2026-01-03T11:51:20 IST" duration-ms="448" status="PASS">
          <reporter-output>
          </reporter-output>
        </test-method> <!-- DeleteObject -->
      </class> <!-- tests.Breakout_restfull -->
    </test> <!-- Default test -->
  </suite> <!-- Default suite -->
</testng-results>
