<?xml version="1.0" encoding="UTF-8"?>
<!-- Generated by org.testng.reporters.JUnitReportReporter -->
<testsuite hostname="OM-GUTTY" failures="0" tests="3" name="tests.BookingAPITest" time="9.949" errors="0" timestamp="2026-01-01T21:44:25 IST" skipped="0">
  <testcase classname="tests.BookingAPITest" name="CreateNewbookingTest" time="6.243"/>
  <testcase classname="tests.BookingAPITest" name="updatebooking" time="2.564"/>
  <testcase classname="tests.BookingAPITest" name="deletebooking" time="1.142"/>
</testsuite> <!-- tests.BookingAPITest -->
