<?xml version="1.0" encoding="UTF-8"?>
<!-- Generated by org.testng.reporters.JUnitReportReporter -->
<testsuite hostname="OM-GUTTY" failures="0" tests="3" name="tests.Breakout_restfull" time="5.976" errors="0" timestamp="2026-01-03T11:51:20 IST" skipped="0">
  <testcase classname="tests.Breakout_restfull" name="CreateObject" time="4.921"/>
  <testcase classname="tests.Breakout_restfull" name="updateObject" time="0.607"/>
  <testcase classname="tests.Breakout_restfull" name="DeleteObject" time="0.448"/>
</testsuite> <!-- tests.Breakout_restfull -->
