<?xml version="1.0" encoding="UTF-8"?>
<!-- Generated by org.testng.reporters.JUnitReportReporter -->
<testsuite hostname="OM-GUTTY" failures="0" tests="3" name="tests.BookingAPITest" time="13.005" errors="0" timestamp="2026-01-02T13:01:43 IST" skipped="0">
  <testcase classname="tests.BookingAPITest" name="CreateNewbookingTest" time="9.183"/>
  <testcase classname="tests.BookingAPITest" name="updatebooking" time="2.576"/>
  <testcase classname="tests.BookingAPITest" name="deletebooking" time="1.246"/>
</testsuite> <!-- tests.BookingAPITest -->
