<?xml version="1.0" encoding="UTF-8"?>
<!-- Generated by org.testng.reporters.JUnitReportReporter -->
<testsuite hostname="OM-GUTTY" failures="0" tests="3" name="tests.BookingAPITest2" time="3.486" errors="0" timestamp="2026-01-02T13:01:43 IST" skipped="0">
  <testcase classname="tests.BookingAPITest2" name="CreateNewbookingTest" time="1.234"/>
  <testcase classname="tests.BookingAPITest2" name="updatebooking" time="1.138"/>
  <testcase classname="tests.BookingAPITest2" name="deletebooking" time="1.114"/>
</testsuite> <!-- tests.BookingAPITest2 -->
